2026-01-21 15:34:00,525 INFO ==================================================
2026-01-21 15:34:00,526 INFO PandaDoc Token Refresh Starting
2026-01-21 15:34:00,526 INFO ==================================================
2026-01-21 15:34:00,572 ERROR Token refresh failed: Missing PANDADOC_LOGIN_EMAIL or PANDADOC_LOGIN_PASSWORD
2026-01-21 15:34:14,079 INFO ==================================================
2026-01-21 15:34:14,079 INFO PandaDoc Token Refresh Starting
2026-01-21 15:34:14,079 INFO ==================================================
2026-01-21 15:34:14,110 INFO Launching Playwright (headless=True)...
2026-01-21 15:34:14,506 INFO Navigating to Documents UI...
2026-01-21 15:34:16,301 INFO Login form detected
2026-01-21 15:34:16,385 INFO Submitted login form...
2026-01-21 15:34:18,447 INFO Captured Bearer token (length=40)
2026-01-21 15:35:16,388 INFO Waiting for Bearer token...
2026-01-21 15:35:16,388 INFO Successfully captured token: c67cbf4b5531...
2026-01-21 15:35:16,593 ERROR Token refresh failed: <urlopen error [SSL: CERTIFICATE_VERIFY_FAILED] certificate verify failed: unable to get local issuer certificate (_ssl.c:1002)>
2026-01-21 15:35:34,371 INFO ==================================================
2026-01-21 15:35:34,371 INFO PandaDoc Token Refresh Starting
2026-01-21 15:35:34,371 INFO ==================================================
2026-01-21 15:35:34,400 INFO Launching Playwright (headless=True)...
2026-01-21 15:35:34,838 INFO Navigating to Documents UI...
2026-01-21 15:35:36,439 INFO Captured Bearer token (length=40)
2026-01-21 15:35:40,883 INFO No login form - using existing session
2026-01-21 15:35:40,883 INFO Waiting for Bearer token...
2026-01-21 15:35:40,883 INFO Successfully captured token: c67cbf4b5531...
2026-01-21 15:35:41,904 INFO Supabase update successful (status=204)
2026-01-21 15:35:41,904 INFO Token refresh complete!
2026-01-21 15:35:41,905 INFO New token expires: 2026-01-31T20:35:41.905006+00:00
